文法

    0 $accept: p $end

    1 p: E

    2 E: E E '+'
    3  | E E '-'
    4  | E E '*'
    5  | E E '/'
    6  | NUMBER


終結語詞，附有它們出現處的規則

$end (0) 0
'*' (42) 4
'+' (43) 2
'-' (45) 3
'/' (47) 5
error (256)
NUMBER (258) 6


非終結語詞，附有它們出現處的規則

$accept (8)
    於左側： 0
p (9)
    於左側： 1, 於右側： 0
E (10)
    於左側： 2 3 4 5 6, 於右側： 1 2 3 4 5


狀態 0

    0 $accept: . p $end

    NUMBER  偏移，並進入狀態 1

    p  進入狀態 2
    E  進入狀態 3


狀態 1

    6 E: NUMBER .

    $預設  使用規則 6 以縮減 (E)


狀態 2

    0 $accept: p . $end

    $end  偏移，並進入狀態 4


狀態 3

    1 p: E .
    2 E: E . E '+'
    3  | E . E '-'
    4  | E . E '*'
    5  | E . E '/'

    NUMBER  偏移，並進入狀態 1

    $預設  使用規則 1 以縮減 (p)

    E  進入狀態 5


狀態 4

    0 $accept: p $end .

    $預設  接受


狀態 5

    2 E: E . E '+'
    2  | E E . '+'
    3  | E . E '-'
    3  | E E . '-'
    4  | E . E '*'
    4  | E E . '*'
    5  | E . E '/'
    5  | E E . '/'

    NUMBER  偏移，並進入狀態 1
    '+'     偏移，並進入狀態 6
    '-'     偏移，並進入狀態 7
    '*'     偏移，並進入狀態 8
    '/'     偏移，並進入狀態 9

    E  進入狀態 5


狀態 6

    2 E: E E '+' .

    $預設  使用規則 2 以縮減 (E)


狀態 7

    3 E: E E '-' .

    $預設  使用規則 3 以縮減 (E)


狀態 8

    4 E: E E '*' .

    $預設  使用規則 4 以縮減 (E)


狀態 9

    5 E: E E '/' .

    $預設  使用規則 5 以縮減 (E)
